<?xml version="1.0" encoding="UTF-8"?>
<!-- Generated by org.testng.reporters.JUnitReportReporter -->
<testsuite hostname="LPT-ATZ-9B3XTZ1" failures="0" tests="2" name="TestClass.RegisterTest" time="85.107" errors="0" timestamp="2021-03-07T04:16:34 EET" skipped="0">
  <testcase classname="TestClass.RegisterTest" name="AssertRegistration" time="30.472"/>
  <system-out/>
  <testcase classname="TestClass.RegisterTest" name="AssertLoggingCheckout" time="54.635"/>
  <system-out/>
</testsuite> <!-- TestClass.RegisterTest -->
